Reading netlist file: "C:\Users\jim\Documents\2022\tangnano9k\tangnano9k-spectrogram\impl\gwsynthesis\Nano9k_lcdmic.vg"
Parsing netlist file "C:\Users\jim\Documents\2022\tangnano9k\tangnano9k-spectrogram\impl\gwsynthesis\Nano9k_lcdmic.vg" completed
Processing netlist completed
Reading constraint file: "C:\Users\jim\Documents\2022\tangnano9k\tangnano9k-spectrogram\src\Nano9k_lcdmic.cst"
Physical Constraint parsed completed
Running placement......
[10%] Placement Phase 0 completed
[20%] Placement Phase 1 completed
[30%] Placement Phase 2 completed
[50%] Placement Phase 3 completed
Running routing......
[60%] Routing Phase 0 completed
[70%] Routing Phase 1 completed
[80%] Routing Phase 2 completed
[90%] Routing Phase 3 completed
Running timing analysis......
[95%] Timing analysis completed
Placement and routing completed
Bitstream generation in progress......
Bitstream generation completed
Running power analysis......
[100%] Power analysis completed
Generate file "C:\Users\jim\Documents\2022\tangnano9k\tangnano9k-spectrogram\impl\pnr\Nano9k_lcdmic.power.html" completed
Generate file "C:\Users\jim\Documents\2022\tangnano9k\tangnano9k-spectrogram\impl\pnr\Nano9k_lcdmic.pin.html" completed
Generate file "C:\Users\jim\Documents\2022\tangnano9k\tangnano9k-spectrogram\impl\pnr\Nano9k_lcdmic.rpt.html" completed
Generate file "C:\Users\jim\Documents\2022\tangnano9k\tangnano9k-spectrogram\impl\pnr\Nano9k_lcdmic.rpt.txt" completed
Generate file "C:\Users\jim\Documents\2022\tangnano9k\tangnano9k-spectrogram\impl\pnr\Nano9k_lcdmic.tr.html" completed
Fri Nov 04 12:42:35 2022

